WARNING:root:new file name: : VID_203770623_045513_383_(1).mp4
WARNING:root:new file name: : VID_43211201_125809_868_(1).mp4
WARNING:root:new file name: : VID_95081117_013217_993_(1).mp4
WARNING:root:new file name: : VID_20680422_105038_943_(1).mp4
WARNING:root:new file name: : C4_WalkOut_15_(1).mp4
WARNING:root:new file name: : VID_119040722_034916_725_(1).mp4
WARNING:root:new file name: : VID_203770624_145017_457_(1).mp4
WARNING:root:new file name: : VID_35680524_021941_170_(1).mp4
WARNING:root:new file name: : VID_119040722_034916_725_(3).mp4
WARNING:root:new file name: : VID_20950623_185412_067_(1).mp4
WARNING:root:new file name: : VID_20680423_040816_137_(1).mp4
WARNING:root:new file name: : VID_69900219_121125_777_(1).mp4
WARNING:root:new file name: : VID_213260525_113242_522_(1).mp4
WARNING:root:new file name: : VID_81940309_072426_533_(1).mp4
WARNING:root:new file name: : VID_31161102_221341_673_(1).mp4
WARNING:root:new file name: : VID_31161103_210631_629_(1).mp4
WARNING:root:new file name: : VID_203770625_103612_204_(1).mp4
WARNING:root:new file name: : VID_203770622_075037_594_(1).mp4
WARNING:root:new file name: : VID_37070624_032133_885_(1).mp4
WARNING:root:new file name: : VID_205121204_212840_008_(1).mp4
WARNING:root:new file name: : image0000001_20220524_225313_(1).jpg
WARNING:root:new file name: : VID_119040722_034916_725_(2).mp4
WARNING:root:new file name: : VID_37090427_101850_648_(1).mp4
WARNING:root:new file name: : VID_90910529_194249_519_(1).mp4
WARNING:root:new file name: : VID_48190104_183517_106_(1).mp4
WARNING:root:new file name: : VID_20680423_114011_764_(1).mp4
WARNING:root:new file name: : VID_81940307_230501_313_(1).mp4
WARNING:root:new file name: : VID_43110707_174532_950_(1).mp4
WARNING:root:new file name: : VID_203770623_224628_337_(1).mp4
WARNING:root:new file name: : VID_43211201_001816_478_(1).mp4
WARNING:root:new file name: : VID_213270319_064447_742_(1).mp4
WARNING:root:new file name: : VID_142301007_052049_074_(1).mp4
WARNING:root:new file name: : VID_20680423_213757_862_(1).mp4
WARNING:root:new file name: : VID_87380203_120646_719_(1).mp4
WARNING:root:new file name: : C4_Walk_Out_Videoboard_(1).mp4
INFO:root:copied: 2942 of 2942 files
